C:\Users\Manuel\Desktop\finalScrum-2\ScrumMeter\everisapi.API\dist\out-tsc\environments\environment.js
C:\Users\Manuel\Desktop\finalScrum-2\ScrumMeter\everisapi.API\dist\out-tsc\environments\environment.js.map
C:\Users\Manuel\Desktop\finalScrum-2\ScrumMeter\everisapi.API\dist\out-tsc\app\Models\User.js
C:\Users\Manuel\Desktop\finalScrum-2\ScrumMeter\everisapi.API\dist\out-tsc\app\Models\User.js.map
C:\Users\Manuel\Desktop\finalScrum-2\ScrumMeter\everisapi.API\dist\out-tsc\app\Models\Respuesta.js
C:\Users\Manuel\Desktop\finalScrum-2\ScrumMeter\everisapi.API\dist\out-tsc\app\Models\Respuesta.js.map
C:\Users\Manuel\Desktop\finalScrum-2\ScrumMeter\everisapi.API\dist\out-tsc\app\Models\Evaluacion.js
C:\Users\Manuel\Desktop\finalScrum-2\ScrumMeter\everisapi.API\dist\out-tsc\app\Models\Evaluacion.js.map
C:\Users\Manuel\Desktop\finalScrum-2\ScrumMeter\everisapi.API\dist\out-tsc\app\Models\EvaluacionInfo.js
C:\Users\Manuel\Desktop\finalScrum-2\ScrumMeter\everisapi.API\dist\out-tsc\app\Models\EvaluacionInfo.js.map
C:\Users\Manuel\Desktop\finalScrum-2\ScrumMeter\everisapi.API\dist\out-tsc\app\services\StorageDataService.js
C:\Users\Manuel\Desktop\finalScrum-2\ScrumMeter\everisapi.API\dist\out-tsc\app\services\StorageDataService.js.map
C:\Users\Manuel\Desktop\finalScrum-2\ScrumMeter\everisapi.API\dist\out-tsc\app\app.component.js
C:\Users\Manuel\Desktop\finalScrum-2\ScrumMeter\everisapi.API\dist\out-tsc\app\app.component.js.map
C:\Users\Manuel\Desktop\finalScrum-2\ScrumMeter\everisapi.API\dist\out-tsc\app\services\global.js
C:\Users\Manuel\Desktop\finalScrum-2\ScrumMeter\everisapi.API\dist\out-tsc\app\services\global.js.map
C:\Users\Manuel\Desktop\finalScrum-2\ScrumMeter\everisapi.API\dist\out-tsc\app\services\UserService.js
C:\Users\Manuel\Desktop\finalScrum-2\ScrumMeter\everisapi.API\dist\out-tsc\app\services\UserService.js.map
C:\Users\Manuel\Desktop\finalScrum-2\ScrumMeter\everisapi.API\dist\out-tsc\app\login\login.component.js
C:\Users\Manuel\Desktop\finalScrum-2\ScrumMeter\everisapi.API\dist\out-tsc\app\login\login.component.js.map
C:\Users\Manuel\Desktop\finalScrum-2\ScrumMeter\everisapi.API\dist\out-tsc\app\loading\loading.component.js
C:\Users\Manuel\Desktop\finalScrum-2\ScrumMeter\everisapi.API\dist\out-tsc\app\loading\loading.component.js.map
C:\Users\Manuel\Desktop\finalScrum-2\ScrumMeter\everisapi.API\dist\out-tsc\app\Models\Role.js
C:\Users\Manuel\Desktop\finalScrum-2\ScrumMeter\everisapi.API\dist\out-tsc\app\Models\Role.js.map
C:\Users\Manuel\Desktop\finalScrum-2\ScrumMeter\everisapi.API\dist\out-tsc\app\Models\Proyecto.js
C:\Users\Manuel\Desktop\finalScrum-2\ScrumMeter\everisapi.API\dist\out-tsc\app\Models\Proyecto.js.map
C:\Users\Manuel\Desktop\finalScrum-2\ScrumMeter\everisapi.API\dist\out-tsc\app\services\ProyectoService.js
C:\Users\Manuel\Desktop\finalScrum-2\ScrumMeter\everisapi.API\dist\out-tsc\app\services\ProyectoService.js.map
C:\Users\Manuel\Desktop\finalScrum-2\ScrumMeter\everisapi.API\dist\out-tsc\app\Models\EvaluacionCreate.js
C:\Users\Manuel\Desktop\finalScrum-2\ScrumMeter\everisapi.API\dist\out-tsc\app\Models\EvaluacionCreate.js.map
C:\Users\Manuel\Desktop\finalScrum-2\ScrumMeter\everisapi.API\dist\out-tsc\app\services\EvaluacionService.js
C:\Users\Manuel\Desktop\finalScrum-2\ScrumMeter\everisapi.API\dist\out-tsc\app\services\EvaluacionService.js.map
C:\Users\Manuel\Desktop\finalScrum-2\ScrumMeter\everisapi.API\dist\out-tsc\app\home\home.component.js
C:\Users\Manuel\Desktop\finalScrum-2\ScrumMeter\everisapi.API\dist\out-tsc\app\home\home.component.js.map
C:\Users\Manuel\Desktop\finalScrum-2\ScrumMeter\everisapi.API\dist\out-tsc\app\services\SectionService.js
C:\Users\Manuel\Desktop\finalScrum-2\ScrumMeter\everisapi.API\dist\out-tsc\app\services\SectionService.js.map
C:\Users\Manuel\Desktop\finalScrum-2\ScrumMeter\everisapi.API\dist\out-tsc\app\Models\Section.js
C:\Users\Manuel\Desktop\finalScrum-2\ScrumMeter\everisapi.API\dist\out-tsc\app\Models\Section.js.map
C:\Users\Manuel\Desktop\finalScrum-2\ScrumMeter\everisapi.API\dist\out-tsc\app\Models\SectionInfo.js
C:\Users\Manuel\Desktop\finalScrum-2\ScrumMeter\everisapi.API\dist\out-tsc\app\Models\SectionInfo.js.map
C:\Users\Manuel\Desktop\finalScrum-2\ScrumMeter\everisapi.API\dist\out-tsc\app\menunewevaluation\menunewevaluation.component.js
C:\Users\Manuel\Desktop\finalScrum-2\ScrumMeter\everisapi.API\dist\out-tsc\app\menunewevaluation\menunewevaluation.component.js.map
C:\Users\Manuel\Desktop\finalScrum-2\ScrumMeter\everisapi.API\dist\out-tsc\app\services\RespuestasService.js
C:\Users\Manuel\Desktop\finalScrum-2\ScrumMeter\everisapi.API\dist\out-tsc\app\services\RespuestasService.js.map
C:\Users\Manuel\Desktop\finalScrum-2\ScrumMeter\everisapi.API\dist\out-tsc\app\Models\Pregunta.js
C:\Users\Manuel\Desktop\finalScrum-2\ScrumMeter\everisapi.API\dist\out-tsc\app\Models\Pregunta.js.map
C:\Users\Manuel\Desktop\finalScrum-2\ScrumMeter\everisapi.API\dist\out-tsc\app\Models\Asignacion.js
C:\Users\Manuel\Desktop\finalScrum-2\ScrumMeter\everisapi.API\dist\out-tsc\app\Models\Asignacion.js.map
C:\Users\Manuel\Desktop\finalScrum-2\ScrumMeter\everisapi.API\dist\out-tsc\app\Models\PreguntaInfo.js
C:\Users\Manuel\Desktop\finalScrum-2\ScrumMeter\everisapi.API\dist\out-tsc\app\Models\PreguntaInfo.js.map
C:\Users\Manuel\Desktop\finalScrum-2\ScrumMeter\everisapi.API\dist\out-tsc\app\Models\AsignacionInfo.js
C:\Users\Manuel\Desktop\finalScrum-2\ScrumMeter\everisapi.API\dist\out-tsc\app\Models\AsignacionInfo.js.map
C:\Users\Manuel\Desktop\finalScrum-2\ScrumMeter\everisapi.API\dist\out-tsc\app\newevaluation\newevaluation.component.js
C:\Users\Manuel\Desktop\finalScrum-2\ScrumMeter\everisapi.API\dist\out-tsc\app\newevaluation\newevaluation.component.js.map
C:\Users\Manuel\Desktop\finalScrum-2\ScrumMeter\everisapi.API\dist\out-tsc\app\previousevaluation\previousevaluation.component.js
C:\Users\Manuel\Desktop\finalScrum-2\ScrumMeter\everisapi.API\dist\out-tsc\app\previousevaluation\previousevaluation.component.js.map
C:\Users\Manuel\Desktop\finalScrum-2\ScrumMeter\everisapi.API\dist\out-tsc\app\pdfgenerator\pdfgenerator.component.js
C:\Users\Manuel\Desktop\finalScrum-2\ScrumMeter\everisapi.API\dist\out-tsc\app\pdfgenerator\pdfgenerator.component.js.map
C:\Users\Manuel\Desktop\finalScrum-2\ScrumMeter\everisapi.API\dist\out-tsc\app\app-routing.module.js
C:\Users\Manuel\Desktop\finalScrum-2\ScrumMeter\everisapi.API\dist\out-tsc\app\app-routing.module.js.map
C:\Users\Manuel\Desktop\finalScrum-2\ScrumMeter\everisapi.API\dist\out-tsc\app\app.module.js
C:\Users\Manuel\Desktop\finalScrum-2\ScrumMeter\everisapi.API\dist\out-tsc\app\app.module.js.map
C:\Users\Manuel\Desktop\finalScrum-2\ScrumMeter\everisapi.API\dist\out-tsc\main.js
C:\Users\Manuel\Desktop\finalScrum-2\ScrumMeter\everisapi.API\dist\out-tsc\main.js.map
C:\Users\Manuel\Desktop\finalScrum-2\ScrumMeter\everisapi.API\dist\out-tsc\polyfills.js
C:\Users\Manuel\Desktop\finalScrum-2\ScrumMeter\everisapi.API\dist\out-tsc\polyfills.js.map
C:\Users\Manuel\Desktop\finalScrum-2\ScrumMeter\everisapi.API\dist\out-tsc\test.js
C:\Users\Manuel\Desktop\finalScrum-2\ScrumMeter\everisapi.API\dist\out-tsc\test.js.map
C:\Users\Manuel\Desktop\finalScrum-2\ScrumMeter\everisapi.API\dist\out-tsc\app\app.component.spec.js
C:\Users\Manuel\Desktop\finalScrum-2\ScrumMeter\everisapi.API\dist\out-tsc\app\app.component.spec.js.map
C:\Users\Manuel\Desktop\finalScrum-2\ScrumMeter\everisapi.API\dist\out-tsc\environments\environment.prod.js
C:\Users\Manuel\Desktop\finalScrum-2\ScrumMeter\everisapi.API\dist\out-tsc\environments\environment.prod.js.map
C:\Users\Manuel\Desktop\finalScrum-2\ScrumMeter\everisapi.API\dist\out-tsc\app\home\home.component.spec.js
C:\Users\Manuel\Desktop\finalScrum-2\ScrumMeter\everisapi.API\dist\out-tsc\app\home\home.component.spec.js.map
C:\Users\Manuel\Desktop\finalScrum-2\ScrumMeter\everisapi.API\dist\out-tsc\app\loading\loading.component.spec.js
C:\Users\Manuel\Desktop\finalScrum-2\ScrumMeter\everisapi.API\dist\out-tsc\app\loading\loading.component.spec.js.map
C:\Users\Manuel\Desktop\finalScrum-2\ScrumMeter\everisapi.API\dist\out-tsc\app\login\login.component.spec.js
C:\Users\Manuel\Desktop\finalScrum-2\ScrumMeter\everisapi.API\dist\out-tsc\app\login\login.component.spec.js.map
C:\Users\Manuel\Desktop\finalScrum-2\ScrumMeter\everisapi.API\dist\out-tsc\app\menunewevaluation\menunewevaluation.component.spec.js
C:\Users\Manuel\Desktop\finalScrum-2\ScrumMeter\everisapi.API\dist\out-tsc\app\menunewevaluation\menunewevaluation.component.spec.js.map
C:\Users\Manuel\Desktop\finalScrum-2\ScrumMeter\everisapi.API\dist\out-tsc\app\newevaluation\newevaluation.component.spec.js
C:\Users\Manuel\Desktop\finalScrum-2\ScrumMeter\everisapi.API\dist\out-tsc\app\newevaluation\newevaluation.component.spec.js.map
C:\Users\Manuel\Desktop\finalScrum-2\ScrumMeter\everisapi.API\dist\out-tsc\app\pdfgenerator\pdfgenerator.component.spec.js
C:\Users\Manuel\Desktop\finalScrum-2\ScrumMeter\everisapi.API\dist\out-tsc\app\pdfgenerator\pdfgenerator.component.spec.js.map
C:\Users\Manuel\Desktop\finalScrum-2\ScrumMeter\everisapi.API\dist\out-tsc\app\previousevaluation\previousevaluation.component.spec.js
C:\Users\Manuel\Desktop\finalScrum-2\ScrumMeter\everisapi.API\dist\out-tsc\app\previousevaluation\previousevaluation.component.spec.js.map
